ERROR - 2025-10-13 10:00:49 --> mysqli_sql_exception: Unknown column 'e.student_id' in 'where clause' in C:\xampp\htdocs\ITE311-EMBEN\system\Database\MySQLi\Connection.php:327
Stack trace:
#0 C:\xampp\htdocs\ITE311-EMBEN\system\Database\MySQLi\Connection.php(327): mysqli->query('SELECT `c`.`id`...', 0)
#1 C:\xampp\htdocs\ITE311-EMBEN\system\Database\BaseConnection.php(729): CodeIgniter\Database\MySQLi\Connection->execute('SELECT `c`.`id`...')
#2 C:\xampp\htdocs\ITE311-EMBEN\system\Database\BaseConnection.php(646): CodeIgniter\Database\BaseConnection->simpleQuery('SELECT `c`.`id`...')
#3 C:\xampp\htdocs\ITE311-EMBEN\system\Database\BaseBuilder.php(1649): CodeIgniter\Database\BaseConnection->query('SELECT `c`.`id`...', Array, false)
#4 C:\xampp\htdocs\ITE311-EMBEN\app\Controllers\Auth.php(223): CodeIgniter\Database\BaseBuilder->get()
#5 C:\xampp\htdocs\ITE311-EMBEN\system\CodeIgniter.php(933): App\Controllers\Auth->dashboard()
#6 C:\xampp\htdocs\ITE311-EMBEN\system\CodeIgniter.php(507): CodeIgniter\CodeIgniter->runController(Object(App\Controllers\Auth))
#7 C:\xampp\htdocs\ITE311-EMBEN\system\CodeIgniter.php(354): CodeIgniter\CodeIgniter->handleRequest(NULL, Object(Config\Cache), false)
#8 C:\xampp\htdocs\ITE311-EMBEN\system\Boot.php(363): CodeIgniter\CodeIgniter->run()
#9 C:\xampp\htdocs\ITE311-EMBEN\system\Boot.php(68): CodeIgniter\Boot::runCodeIgniter(Object(CodeIgniter\CodeIgniter))
#10 C:\xampp\htdocs\ITE311-EMBEN\index.php(59): CodeIgniter\Boot::bootWeb(Object(Config\Paths))
#11 {main}
ERROR - 2025-10-13 10:00:49 --> mysqli_sql_exception: Table 'lms_emben.assignments' doesn't exist in C:\xampp\htdocs\ITE311-EMBEN\system\Database\MySQLi\Connection.php:327
Stack trace:
#0 C:\xampp\htdocs\ITE311-EMBEN\system\Database\MySQLi\Connection.php(327): mysqli->query('SELECT `a`.`id`...', 0)
#1 C:\xampp\htdocs\ITE311-EMBEN\system\Database\BaseConnection.php(729): CodeIgniter\Database\MySQLi\Connection->execute('SELECT `a`.`id`...')
#2 C:\xampp\htdocs\ITE311-EMBEN\system\Database\BaseConnection.php(646): CodeIgniter\Database\BaseConnection->simpleQuery('SELECT `a`.`id`...')
#3 C:\xampp\htdocs\ITE311-EMBEN\system\Database\BaseBuilder.php(1649): CodeIgniter\Database\BaseConnection->query('SELECT `a`.`id`...', Array, false)
#4 C:\xampp\htdocs\ITE311-EMBEN\app\Controllers\Auth.php(235): CodeIgniter\Database\BaseBuilder->get()
#5 C:\xampp\htdocs\ITE311-EMBEN\system\CodeIgniter.php(933): App\Controllers\Auth->dashboard()
#6 C:\xampp\htdocs\ITE311-EMBEN\system\CodeIgniter.php(507): CodeIgniter\CodeIgniter->runController(Object(App\Controllers\Auth))
#7 C:\xampp\htdocs\ITE311-EMBEN\system\CodeIgniter.php(354): CodeIgniter\CodeIgniter->handleRequest(NULL, Object(Config\Cache), false)
#8 C:\xampp\htdocs\ITE311-EMBEN\system\Boot.php(363): CodeIgniter\CodeIgniter->run()
#9 C:\xampp\htdocs\ITE311-EMBEN\system\Boot.php(68): CodeIgniter\Boot::runCodeIgniter(Object(CodeIgniter\CodeIgniter))
#10 C:\xampp\htdocs\ITE311-EMBEN\index.php(59): CodeIgniter\Boot::bootWeb(Object(Config\Paths))
#11 {main}
ERROR - 2025-10-13 10:00:49 --> mysqli_sql_exception: Table 'lms_emben.grades' doesn't exist in C:\xampp\htdocs\ITE311-EMBEN\system\Database\MySQLi\Connection.php:327
Stack trace:
#0 C:\xampp\htdocs\ITE311-EMBEN\system\Database\MySQLi\Connection.php(327): mysqli->query('SELECT `g`.`sco...', 0)
#1 C:\xampp\htdocs\ITE311-EMBEN\system\Database\BaseConnection.php(729): CodeIgniter\Database\MySQLi\Connection->execute('SELECT `g`.`sco...')
#2 C:\xampp\htdocs\ITE311-EMBEN\system\Database\BaseConnection.php(646): CodeIgniter\Database\BaseConnection->simpleQuery('SELECT `g`.`sco...')
#3 C:\xampp\htdocs\ITE311-EMBEN\system\Database\BaseBuilder.php(1649): CodeIgniter\Database\BaseConnection->query('SELECT `g`.`sco...', Array, false)
#4 C:\xampp\htdocs\ITE311-EMBEN\app\Controllers\Auth.php(248): CodeIgniter\Database\BaseBuilder->get()
#5 C:\xampp\htdocs\ITE311-EMBEN\system\CodeIgniter.php(933): App\Controllers\Auth->dashboard()
#6 C:\xampp\htdocs\ITE311-EMBEN\system\CodeIgniter.php(507): CodeIgniter\CodeIgniter->runController(Object(App\Controllers\Auth))
#7 C:\xampp\htdocs\ITE311-EMBEN\system\CodeIgniter.php(354): CodeIgniter\CodeIgniter->handleRequest(NULL, Object(Config\Cache), false)
#8 C:\xampp\htdocs\ITE311-EMBEN\system\Boot.php(363): CodeIgniter\CodeIgniter->run()
#9 C:\xampp\htdocs\ITE311-EMBEN\system\Boot.php(68): CodeIgniter\Boot::runCodeIgniter(Object(CodeIgniter\CodeIgniter))
#10 C:\xampp\htdocs\ITE311-EMBEN\index.php(59): CodeIgniter\Boot::bootWeb(Object(Config\Paths))
#11 {main}
ERROR - 2025-10-13 10:02:31 --> mysqli_sql_exception: Unknown column 'e.student_id' in 'where clause' in C:\xampp\htdocs\ITE311-EMBEN\system\Database\MySQLi\Connection.php:327
Stack trace:
#0 C:\xampp\htdocs\ITE311-EMBEN\system\Database\MySQLi\Connection.php(327): mysqli->query('SELECT `c`.`id`...', 0)
#1 C:\xampp\htdocs\ITE311-EMBEN\system\Database\BaseConnection.php(729): CodeIgniter\Database\MySQLi\Connection->execute('SELECT `c`.`id`...')
#2 C:\xampp\htdocs\ITE311-EMBEN\system\Database\BaseConnection.php(646): CodeIgniter\Database\BaseConnection->simpleQuery('SELECT `c`.`id`...')
#3 C:\xampp\htdocs\ITE311-EMBEN\system\Database\BaseBuilder.php(1649): CodeIgniter\Database\BaseConnection->query('SELECT `c`.`id`...', Array, false)
#4 C:\xampp\htdocs\ITE311-EMBEN\app\Controllers\Auth.php(223): CodeIgniter\Database\BaseBuilder->get()
#5 C:\xampp\htdocs\ITE311-EMBEN\system\CodeIgniter.php(933): App\Controllers\Auth->dashboard()
#6 C:\xampp\htdocs\ITE311-EMBEN\system\CodeIgniter.php(507): CodeIgniter\CodeIgniter->runController(Object(App\Controllers\Auth))
#7 C:\xampp\htdocs\ITE311-EMBEN\system\CodeIgniter.php(354): CodeIgniter\CodeIgniter->handleRequest(NULL, Object(Config\Cache), false)
#8 C:\xampp\htdocs\ITE311-EMBEN\system\Boot.php(363): CodeIgniter\CodeIgniter->run()
#9 C:\xampp\htdocs\ITE311-EMBEN\system\Boot.php(68): CodeIgniter\Boot::runCodeIgniter(Object(CodeIgniter\CodeIgniter))
#10 C:\xampp\htdocs\ITE311-EMBEN\index.php(59): CodeIgniter\Boot::bootWeb(Object(Config\Paths))
#11 {main}
ERROR - 2025-10-13 10:02:31 --> mysqli_sql_exception: Table 'lms_emben.assignments' doesn't exist in C:\xampp\htdocs\ITE311-EMBEN\system\Database\MySQLi\Connection.php:327
Stack trace:
#0 C:\xampp\htdocs\ITE311-EMBEN\system\Database\MySQLi\Connection.php(327): mysqli->query('SELECT `a`.`id`...', 0)
#1 C:\xampp\htdocs\ITE311-EMBEN\system\Database\BaseConnection.php(729): CodeIgniter\Database\MySQLi\Connection->execute('SELECT `a`.`id`...')
#2 C:\xampp\htdocs\ITE311-EMBEN\system\Database\BaseConnection.php(646): CodeIgniter\Database\BaseConnection->simpleQuery('SELECT `a`.`id`...')
#3 C:\xampp\htdocs\ITE311-EMBEN\system\Database\BaseBuilder.php(1649): CodeIgniter\Database\BaseConnection->query('SELECT `a`.`id`...', Array, false)
#4 C:\xampp\htdocs\ITE311-EMBEN\app\Controllers\Auth.php(235): CodeIgniter\Database\BaseBuilder->get()
#5 C:\xampp\htdocs\ITE311-EMBEN\system\CodeIgniter.php(933): App\Controllers\Auth->dashboard()
#6 C:\xampp\htdocs\ITE311-EMBEN\system\CodeIgniter.php(507): CodeIgniter\CodeIgniter->runController(Object(App\Controllers\Auth))
#7 C:\xampp\htdocs\ITE311-EMBEN\system\CodeIgniter.php(354): CodeIgniter\CodeIgniter->handleRequest(NULL, Object(Config\Cache), false)
#8 C:\xampp\htdocs\ITE311-EMBEN\system\Boot.php(363): CodeIgniter\CodeIgniter->run()
#9 C:\xampp\htdocs\ITE311-EMBEN\system\Boot.php(68): CodeIgniter\Boot::runCodeIgniter(Object(CodeIgniter\CodeIgniter))
#10 C:\xampp\htdocs\ITE311-EMBEN\index.php(59): CodeIgniter\Boot::bootWeb(Object(Config\Paths))
#11 {main}
ERROR - 2025-10-13 10:02:31 --> mysqli_sql_exception: Table 'lms_emben.grades' doesn't exist in C:\xampp\htdocs\ITE311-EMBEN\system\Database\MySQLi\Connection.php:327
Stack trace:
#0 C:\xampp\htdocs\ITE311-EMBEN\system\Database\MySQLi\Connection.php(327): mysqli->query('SELECT `g`.`sco...', 0)
#1 C:\xampp\htdocs\ITE311-EMBEN\system\Database\BaseConnection.php(729): CodeIgniter\Database\MySQLi\Connection->execute('SELECT `g`.`sco...')
#2 C:\xampp\htdocs\ITE311-EMBEN\system\Database\BaseConnection.php(646): CodeIgniter\Database\BaseConnection->simpleQuery('SELECT `g`.`sco...')
#3 C:\xampp\htdocs\ITE311-EMBEN\system\Database\BaseBuilder.php(1649): CodeIgniter\Database\BaseConnection->query('SELECT `g`.`sco...', Array, false)
#4 C:\xampp\htdocs\ITE311-EMBEN\app\Controllers\Auth.php(248): CodeIgniter\Database\BaseBuilder->get()
#5 C:\xampp\htdocs\ITE311-EMBEN\system\CodeIgniter.php(933): App\Controllers\Auth->dashboard()
#6 C:\xampp\htdocs\ITE311-EMBEN\system\CodeIgniter.php(507): CodeIgniter\CodeIgniter->runController(Object(App\Controllers\Auth))
#7 C:\xampp\htdocs\ITE311-EMBEN\system\CodeIgniter.php(354): CodeIgniter\CodeIgniter->handleRequest(NULL, Object(Config\Cache), false)
#8 C:\xampp\htdocs\ITE311-EMBEN\system\Boot.php(363): CodeIgniter\CodeIgniter->run()
#9 C:\xampp\htdocs\ITE311-EMBEN\system\Boot.php(68): CodeIgniter\Boot::runCodeIgniter(Object(CodeIgniter\CodeIgniter))
#10 C:\xampp\htdocs\ITE311-EMBEN\index.php(59): CodeIgniter\Boot::bootWeb(Object(Config\Paths))
#11 {main}
ERROR - 2025-10-13 10:02:38 --> mysqli_sql_exception: Unknown column 'e.student_id' in 'where clause' in C:\xampp\htdocs\ITE311-EMBEN\system\Database\MySQLi\Connection.php:327
Stack trace:
#0 C:\xampp\htdocs\ITE311-EMBEN\system\Database\MySQLi\Connection.php(327): mysqli->query('SELECT `c`.`id`...', 0)
#1 C:\xampp\htdocs\ITE311-EMBEN\system\Database\BaseConnection.php(729): CodeIgniter\Database\MySQLi\Connection->execute('SELECT `c`.`id`...')
#2 C:\xampp\htdocs\ITE311-EMBEN\system\Database\BaseConnection.php(646): CodeIgniter\Database\BaseConnection->simpleQuery('SELECT `c`.`id`...')
#3 C:\xampp\htdocs\ITE311-EMBEN\system\Database\BaseBuilder.php(1649): CodeIgniter\Database\BaseConnection->query('SELECT `c`.`id`...', Array, false)
#4 C:\xampp\htdocs\ITE311-EMBEN\app\Controllers\Auth.php(223): CodeIgniter\Database\BaseBuilder->get()
#5 C:\xampp\htdocs\ITE311-EMBEN\system\CodeIgniter.php(933): App\Controllers\Auth->dashboard()
#6 C:\xampp\htdocs\ITE311-EMBEN\system\CodeIgniter.php(507): CodeIgniter\CodeIgniter->runController(Object(App\Controllers\Auth))
#7 C:\xampp\htdocs\ITE311-EMBEN\system\CodeIgniter.php(354): CodeIgniter\CodeIgniter->handleRequest(NULL, Object(Config\Cache), false)
#8 C:\xampp\htdocs\ITE311-EMBEN\system\Boot.php(363): CodeIgniter\CodeIgniter->run()
#9 C:\xampp\htdocs\ITE311-EMBEN\system\Boot.php(68): CodeIgniter\Boot::runCodeIgniter(Object(CodeIgniter\CodeIgniter))
#10 C:\xampp\htdocs\ITE311-EMBEN\index.php(59): CodeIgniter\Boot::bootWeb(Object(Config\Paths))
#11 {main}
ERROR - 2025-10-13 10:02:38 --> mysqli_sql_exception: Table 'lms_emben.assignments' doesn't exist in C:\xampp\htdocs\ITE311-EMBEN\system\Database\MySQLi\Connection.php:327
Stack trace:
#0 C:\xampp\htdocs\ITE311-EMBEN\system\Database\MySQLi\Connection.php(327): mysqli->query('SELECT `a`.`id`...', 0)
#1 C:\xampp\htdocs\ITE311-EMBEN\system\Database\BaseConnection.php(729): CodeIgniter\Database\MySQLi\Connection->execute('SELECT `a`.`id`...')
#2 C:\xampp\htdocs\ITE311-EMBEN\system\Database\BaseConnection.php(646): CodeIgniter\Database\BaseConnection->simpleQuery('SELECT `a`.`id`...')
#3 C:\xampp\htdocs\ITE311-EMBEN\system\Database\BaseBuilder.php(1649): CodeIgniter\Database\BaseConnection->query('SELECT `a`.`id`...', Array, false)
#4 C:\xampp\htdocs\ITE311-EMBEN\app\Controllers\Auth.php(235): CodeIgniter\Database\BaseBuilder->get()
#5 C:\xampp\htdocs\ITE311-EMBEN\system\CodeIgniter.php(933): App\Controllers\Auth->dashboard()
#6 C:\xampp\htdocs\ITE311-EMBEN\system\CodeIgniter.php(507): CodeIgniter\CodeIgniter->runController(Object(App\Controllers\Auth))
#7 C:\xampp\htdocs\ITE311-EMBEN\system\CodeIgniter.php(354): CodeIgniter\CodeIgniter->handleRequest(NULL, Object(Config\Cache), false)
#8 C:\xampp\htdocs\ITE311-EMBEN\system\Boot.php(363): CodeIgniter\CodeIgniter->run()
#9 C:\xampp\htdocs\ITE311-EMBEN\system\Boot.php(68): CodeIgniter\Boot::runCodeIgniter(Object(CodeIgniter\CodeIgniter))
#10 C:\xampp\htdocs\ITE311-EMBEN\index.php(59): CodeIgniter\Boot::bootWeb(Object(Config\Paths))
#11 {main}
ERROR - 2025-10-13 10:02:38 --> mysqli_sql_exception: Table 'lms_emben.grades' doesn't exist in C:\xampp\htdocs\ITE311-EMBEN\system\Database\MySQLi\Connection.php:327
Stack trace:
#0 C:\xampp\htdocs\ITE311-EMBEN\system\Database\MySQLi\Connection.php(327): mysqli->query('SELECT `g`.`sco...', 0)
#1 C:\xampp\htdocs\ITE311-EMBEN\system\Database\BaseConnection.php(729): CodeIgniter\Database\MySQLi\Connection->execute('SELECT `g`.`sco...')
#2 C:\xampp\htdocs\ITE311-EMBEN\system\Database\BaseConnection.php(646): CodeIgniter\Database\BaseConnection->simpleQuery('SELECT `g`.`sco...')
#3 C:\xampp\htdocs\ITE311-EMBEN\system\Database\BaseBuilder.php(1649): CodeIgniter\Database\BaseConnection->query('SELECT `g`.`sco...', Array, false)
#4 C:\xampp\htdocs\ITE311-EMBEN\app\Controllers\Auth.php(248): CodeIgniter\Database\BaseBuilder->get()
#5 C:\xampp\htdocs\ITE311-EMBEN\system\CodeIgniter.php(933): App\Controllers\Auth->dashboard()
#6 C:\xampp\htdocs\ITE311-EMBEN\system\CodeIgniter.php(507): CodeIgniter\CodeIgniter->runController(Object(App\Controllers\Auth))
#7 C:\xampp\htdocs\ITE311-EMBEN\system\CodeIgniter.php(354): CodeIgniter\CodeIgniter->handleRequest(NULL, Object(Config\Cache), false)
#8 C:\xampp\htdocs\ITE311-EMBEN\system\Boot.php(363): CodeIgniter\CodeIgniter->run()
#9 C:\xampp\htdocs\ITE311-EMBEN\system\Boot.php(68): CodeIgniter\Boot::runCodeIgniter(Object(CodeIgniter\CodeIgniter))
#10 C:\xampp\htdocs\ITE311-EMBEN\index.php(59): CodeIgniter\Boot::bootWeb(Object(Config\Paths))
#11 {main}
ERROR - 2025-10-13 10:05:15 --> mysqli_sql_exception: Unknown column 'e.student_id' in 'where clause' in C:\xampp\htdocs\ITE311-EMBEN\system\Database\MySQLi\Connection.php:327
Stack trace:
#0 C:\xampp\htdocs\ITE311-EMBEN\system\Database\MySQLi\Connection.php(327): mysqli->query('SELECT `c`.`id`...', 0)
#1 C:\xampp\htdocs\ITE311-EMBEN\system\Database\BaseConnection.php(729): CodeIgniter\Database\MySQLi\Connection->execute('SELECT `c`.`id`...')
#2 C:\xampp\htdocs\ITE311-EMBEN\system\Database\BaseConnection.php(646): CodeIgniter\Database\BaseConnection->simpleQuery('SELECT `c`.`id`...')
#3 C:\xampp\htdocs\ITE311-EMBEN\system\Database\BaseBuilder.php(1649): CodeIgniter\Database\BaseConnection->query('SELECT `c`.`id`...', Array, false)
#4 C:\xampp\htdocs\ITE311-EMBEN\app\Controllers\Auth.php(223): CodeIgniter\Database\BaseBuilder->get()
#5 C:\xampp\htdocs\ITE311-EMBEN\system\CodeIgniter.php(933): App\Controllers\Auth->dashboard()
#6 C:\xampp\htdocs\ITE311-EMBEN\system\CodeIgniter.php(507): CodeIgniter\CodeIgniter->runController(Object(App\Controllers\Auth))
#7 C:\xampp\htdocs\ITE311-EMBEN\system\CodeIgniter.php(354): CodeIgniter\CodeIgniter->handleRequest(NULL, Object(Config\Cache), false)
#8 C:\xampp\htdocs\ITE311-EMBEN\system\Boot.php(363): CodeIgniter\CodeIgniter->run()
#9 C:\xampp\htdocs\ITE311-EMBEN\system\Boot.php(68): CodeIgniter\Boot::runCodeIgniter(Object(CodeIgniter\CodeIgniter))
#10 C:\xampp\htdocs\ITE311-EMBEN\index.php(59): CodeIgniter\Boot::bootWeb(Object(Config\Paths))
#11 {main}
ERROR - 2025-10-13 10:05:15 --> mysqli_sql_exception: Table 'lms_emben.assignments' doesn't exist in C:\xampp\htdocs\ITE311-EMBEN\system\Database\MySQLi\Connection.php:327
Stack trace:
#0 C:\xampp\htdocs\ITE311-EMBEN\system\Database\MySQLi\Connection.php(327): mysqli->query('SELECT `a`.`id`...', 0)
#1 C:\xampp\htdocs\ITE311-EMBEN\system\Database\BaseConnection.php(729): CodeIgniter\Database\MySQLi\Connection->execute('SELECT `a`.`id`...')
#2 C:\xampp\htdocs\ITE311-EMBEN\system\Database\BaseConnection.php(646): CodeIgniter\Database\BaseConnection->simpleQuery('SELECT `a`.`id`...')
#3 C:\xampp\htdocs\ITE311-EMBEN\system\Database\BaseBuilder.php(1649): CodeIgniter\Database\BaseConnection->query('SELECT `a`.`id`...', Array, false)
#4 C:\xampp\htdocs\ITE311-EMBEN\app\Controllers\Auth.php(235): CodeIgniter\Database\BaseBuilder->get()
#5 C:\xampp\htdocs\ITE311-EMBEN\system\CodeIgniter.php(933): App\Controllers\Auth->dashboard()
#6 C:\xampp\htdocs\ITE311-EMBEN\system\CodeIgniter.php(507): CodeIgniter\CodeIgniter->runController(Object(App\Controllers\Auth))
#7 C:\xampp\htdocs\ITE311-EMBEN\system\CodeIgniter.php(354): CodeIgniter\CodeIgniter->handleRequest(NULL, Object(Config\Cache), false)
#8 C:\xampp\htdocs\ITE311-EMBEN\system\Boot.php(363): CodeIgniter\CodeIgniter->run()
#9 C:\xampp\htdocs\ITE311-EMBEN\system\Boot.php(68): CodeIgniter\Boot::runCodeIgniter(Object(CodeIgniter\CodeIgniter))
#10 C:\xampp\htdocs\ITE311-EMBEN\index.php(59): CodeIgniter\Boot::bootWeb(Object(Config\Paths))
#11 {main}
ERROR - 2025-10-13 10:05:15 --> mysqli_sql_exception: Table 'lms_emben.grades' doesn't exist in C:\xampp\htdocs\ITE311-EMBEN\system\Database\MySQLi\Connection.php:327
Stack trace:
#0 C:\xampp\htdocs\ITE311-EMBEN\system\Database\MySQLi\Connection.php(327): mysqli->query('SELECT `g`.`sco...', 0)
#1 C:\xampp\htdocs\ITE311-EMBEN\system\Database\BaseConnection.php(729): CodeIgniter\Database\MySQLi\Connection->execute('SELECT `g`.`sco...')
#2 C:\xampp\htdocs\ITE311-EMBEN\system\Database\BaseConnection.php(646): CodeIgniter\Database\BaseConnection->simpleQuery('SELECT `g`.`sco...')
#3 C:\xampp\htdocs\ITE311-EMBEN\system\Database\BaseBuilder.php(1649): CodeIgniter\Database\BaseConnection->query('SELECT `g`.`sco...', Array, false)
#4 C:\xampp\htdocs\ITE311-EMBEN\app\Controllers\Auth.php(248): CodeIgniter\Database\BaseBuilder->get()
#5 C:\xampp\htdocs\ITE311-EMBEN\system\CodeIgniter.php(933): App\Controllers\Auth->dashboard()
#6 C:\xampp\htdocs\ITE311-EMBEN\system\CodeIgniter.php(507): CodeIgniter\CodeIgniter->runController(Object(App\Controllers\Auth))
#7 C:\xampp\htdocs\ITE311-EMBEN\system\CodeIgniter.php(354): CodeIgniter\CodeIgniter->handleRequest(NULL, Object(Config\Cache), false)
#8 C:\xampp\htdocs\ITE311-EMBEN\system\Boot.php(363): CodeIgniter\CodeIgniter->run()
#9 C:\xampp\htdocs\ITE311-EMBEN\system\Boot.php(68): CodeIgniter\Boot::runCodeIgniter(Object(CodeIgniter\CodeIgniter))
#10 C:\xampp\htdocs\ITE311-EMBEN\index.php(59): CodeIgniter\Boot::bootWeb(Object(Config\Paths))
#11 {main}
ERROR - 2025-10-13 10:05:27 --> mysqli_sql_exception: Unknown column 'e.student_id' in 'where clause' in C:\xampp\htdocs\ITE311-EMBEN\system\Database\MySQLi\Connection.php:327
Stack trace:
#0 C:\xampp\htdocs\ITE311-EMBEN\system\Database\MySQLi\Connection.php(327): mysqli->query('SELECT `c`.`id`...', 0)
#1 C:\xampp\htdocs\ITE311-EMBEN\system\Database\BaseConnection.php(729): CodeIgniter\Database\MySQLi\Connection->execute('SELECT `c`.`id`...')
#2 C:\xampp\htdocs\ITE311-EMBEN\system\Database\BaseConnection.php(646): CodeIgniter\Database\BaseConnection->simpleQuery('SELECT `c`.`id`...')
#3 C:\xampp\htdocs\ITE311-EMBEN\system\Database\BaseBuilder.php(1649): CodeIgniter\Database\BaseConnection->query('SELECT `c`.`id`...', Array, false)
#4 C:\xampp\htdocs\ITE311-EMBEN\app\Controllers\Auth.php(223): CodeIgniter\Database\BaseBuilder->get()
#5 C:\xampp\htdocs\ITE311-EMBEN\system\CodeIgniter.php(933): App\Controllers\Auth->dashboard()
#6 C:\xampp\htdocs\ITE311-EMBEN\system\CodeIgniter.php(507): CodeIgniter\CodeIgniter->runController(Object(App\Controllers\Auth))
#7 C:\xampp\htdocs\ITE311-EMBEN\system\CodeIgniter.php(354): CodeIgniter\CodeIgniter->handleRequest(NULL, Object(Config\Cache), false)
#8 C:\xampp\htdocs\ITE311-EMBEN\system\Boot.php(363): CodeIgniter\CodeIgniter->run()
#9 C:\xampp\htdocs\ITE311-EMBEN\system\Boot.php(68): CodeIgniter\Boot::runCodeIgniter(Object(CodeIgniter\CodeIgniter))
#10 C:\xampp\htdocs\ITE311-EMBEN\index.php(59): CodeIgniter\Boot::bootWeb(Object(Config\Paths))
#11 {main}
ERROR - 2025-10-13 10:05:27 --> mysqli_sql_exception: Table 'lms_emben.assignments' doesn't exist in C:\xampp\htdocs\ITE311-EMBEN\system\Database\MySQLi\Connection.php:327
Stack trace:
#0 C:\xampp\htdocs\ITE311-EMBEN\system\Database\MySQLi\Connection.php(327): mysqli->query('SELECT `a`.`id`...', 0)
#1 C:\xampp\htdocs\ITE311-EMBEN\system\Database\BaseConnection.php(729): CodeIgniter\Database\MySQLi\Connection->execute('SELECT `a`.`id`...')
#2 C:\xampp\htdocs\ITE311-EMBEN\system\Database\BaseConnection.php(646): CodeIgniter\Database\BaseConnection->simpleQuery('SELECT `a`.`id`...')
#3 C:\xampp\htdocs\ITE311-EMBEN\system\Database\BaseBuilder.php(1649): CodeIgniter\Database\BaseConnection->query('SELECT `a`.`id`...', Array, false)
#4 C:\xampp\htdocs\ITE311-EMBEN\app\Controllers\Auth.php(235): CodeIgniter\Database\BaseBuilder->get()
#5 C:\xampp\htdocs\ITE311-EMBEN\system\CodeIgniter.php(933): App\Controllers\Auth->dashboard()
#6 C:\xampp\htdocs\ITE311-EMBEN\system\CodeIgniter.php(507): CodeIgniter\CodeIgniter->runController(Object(App\Controllers\Auth))
#7 C:\xampp\htdocs\ITE311-EMBEN\system\CodeIgniter.php(354): CodeIgniter\CodeIgniter->handleRequest(NULL, Object(Config\Cache), false)
#8 C:\xampp\htdocs\ITE311-EMBEN\system\Boot.php(363): CodeIgniter\CodeIgniter->run()
#9 C:\xampp\htdocs\ITE311-EMBEN\system\Boot.php(68): CodeIgniter\Boot::runCodeIgniter(Object(CodeIgniter\CodeIgniter))
#10 C:\xampp\htdocs\ITE311-EMBEN\index.php(59): CodeIgniter\Boot::bootWeb(Object(Config\Paths))
#11 {main}
ERROR - 2025-10-13 10:05:27 --> mysqli_sql_exception: Table 'lms_emben.grades' doesn't exist in C:\xampp\htdocs\ITE311-EMBEN\system\Database\MySQLi\Connection.php:327
Stack trace:
#0 C:\xampp\htdocs\ITE311-EMBEN\system\Database\MySQLi\Connection.php(327): mysqli->query('SELECT `g`.`sco...', 0)
#1 C:\xampp\htdocs\ITE311-EMBEN\system\Database\BaseConnection.php(729): CodeIgniter\Database\MySQLi\Connection->execute('SELECT `g`.`sco...')
#2 C:\xampp\htdocs\ITE311-EMBEN\system\Database\BaseConnection.php(646): CodeIgniter\Database\BaseConnection->simpleQuery('SELECT `g`.`sco...')
#3 C:\xampp\htdocs\ITE311-EMBEN\system\Database\BaseBuilder.php(1649): CodeIgniter\Database\BaseConnection->query('SELECT `g`.`sco...', Array, false)
#4 C:\xampp\htdocs\ITE311-EMBEN\app\Controllers\Auth.php(248): CodeIgniter\Database\BaseBuilder->get()
#5 C:\xampp\htdocs\ITE311-EMBEN\system\CodeIgniter.php(933): App\Controllers\Auth->dashboard()
#6 C:\xampp\htdocs\ITE311-EMBEN\system\CodeIgniter.php(507): CodeIgniter\CodeIgniter->runController(Object(App\Controllers\Auth))
#7 C:\xampp\htdocs\ITE311-EMBEN\system\CodeIgniter.php(354): CodeIgniter\CodeIgniter->handleRequest(NULL, Object(Config\Cache), false)
#8 C:\xampp\htdocs\ITE311-EMBEN\system\Boot.php(363): CodeIgniter\CodeIgniter->run()
#9 C:\xampp\htdocs\ITE311-EMBEN\system\Boot.php(68): CodeIgniter\Boot::runCodeIgniter(Object(CodeIgniter\CodeIgniter))
#10 C:\xampp\htdocs\ITE311-EMBEN\index.php(59): CodeIgniter\Boot::bootWeb(Object(Config\Paths))
#11 {main}
ERROR - 2025-10-13 10:05:29 --> mysqli_sql_exception: Unknown column 'e.student_id' in 'where clause' in C:\xampp\htdocs\ITE311-EMBEN\system\Database\MySQLi\Connection.php:327
Stack trace:
#0 C:\xampp\htdocs\ITE311-EMBEN\system\Database\MySQLi\Connection.php(327): mysqli->query('SELECT `c`.`id`...', 0)
#1 C:\xampp\htdocs\ITE311-EMBEN\system\Database\BaseConnection.php(729): CodeIgniter\Database\MySQLi\Connection->execute('SELECT `c`.`id`...')
#2 C:\xampp\htdocs\ITE311-EMBEN\system\Database\BaseConnection.php(646): CodeIgniter\Database\BaseConnection->simpleQuery('SELECT `c`.`id`...')
#3 C:\xampp\htdocs\ITE311-EMBEN\system\Database\BaseBuilder.php(1649): CodeIgniter\Database\BaseConnection->query('SELECT `c`.`id`...', Array, false)
#4 C:\xampp\htdocs\ITE311-EMBEN\app\Controllers\Auth.php(223): CodeIgniter\Database\BaseBuilder->get()
#5 C:\xampp\htdocs\ITE311-EMBEN\system\CodeIgniter.php(933): App\Controllers\Auth->dashboard()
#6 C:\xampp\htdocs\ITE311-EMBEN\system\CodeIgniter.php(507): CodeIgniter\CodeIgniter->runController(Object(App\Controllers\Auth))
#7 C:\xampp\htdocs\ITE311-EMBEN\system\CodeIgniter.php(354): CodeIgniter\CodeIgniter->handleRequest(NULL, Object(Config\Cache), false)
#8 C:\xampp\htdocs\ITE311-EMBEN\system\Boot.php(363): CodeIgniter\CodeIgniter->run()
#9 C:\xampp\htdocs\ITE311-EMBEN\system\Boot.php(68): CodeIgniter\Boot::runCodeIgniter(Object(CodeIgniter\CodeIgniter))
#10 C:\xampp\htdocs\ITE311-EMBEN\index.php(59): CodeIgniter\Boot::bootWeb(Object(Config\Paths))
#11 {main}
ERROR - 2025-10-13 10:05:29 --> mysqli_sql_exception: Table 'lms_emben.assignments' doesn't exist in C:\xampp\htdocs\ITE311-EMBEN\system\Database\MySQLi\Connection.php:327
Stack trace:
#0 C:\xampp\htdocs\ITE311-EMBEN\system\Database\MySQLi\Connection.php(327): mysqli->query('SELECT `a`.`id`...', 0)
#1 C:\xampp\htdocs\ITE311-EMBEN\system\Database\BaseConnection.php(729): CodeIgniter\Database\MySQLi\Connection->execute('SELECT `a`.`id`...')
#2 C:\xampp\htdocs\ITE311-EMBEN\system\Database\BaseConnection.php(646): CodeIgniter\Database\BaseConnection->simpleQuery('SELECT `a`.`id`...')
#3 C:\xampp\htdocs\ITE311-EMBEN\system\Database\BaseBuilder.php(1649): CodeIgniter\Database\BaseConnection->query('SELECT `a`.`id`...', Array, false)
#4 C:\xampp\htdocs\ITE311-EMBEN\app\Controllers\Auth.php(235): CodeIgniter\Database\BaseBuilder->get()
#5 C:\xampp\htdocs\ITE311-EMBEN\system\CodeIgniter.php(933): App\Controllers\Auth->dashboard()
#6 C:\xampp\htdocs\ITE311-EMBEN\system\CodeIgniter.php(507): CodeIgniter\CodeIgniter->runController(Object(App\Controllers\Auth))
#7 C:\xampp\htdocs\ITE311-EMBEN\system\CodeIgniter.php(354): CodeIgniter\CodeIgniter->handleRequest(NULL, Object(Config\Cache), false)
#8 C:\xampp\htdocs\ITE311-EMBEN\system\Boot.php(363): CodeIgniter\CodeIgniter->run()
#9 C:\xampp\htdocs\ITE311-EMBEN\system\Boot.php(68): CodeIgniter\Boot::runCodeIgniter(Object(CodeIgniter\CodeIgniter))
#10 C:\xampp\htdocs\ITE311-EMBEN\index.php(59): CodeIgniter\Boot::bootWeb(Object(Config\Paths))
#11 {main}
ERROR - 2025-10-13 10:05:29 --> mysqli_sql_exception: Table 'lms_emben.grades' doesn't exist in C:\xampp\htdocs\ITE311-EMBEN\system\Database\MySQLi\Connection.php:327
Stack trace:
#0 C:\xampp\htdocs\ITE311-EMBEN\system\Database\MySQLi\Connection.php(327): mysqli->query('SELECT `g`.`sco...', 0)
#1 C:\xampp\htdocs\ITE311-EMBEN\system\Database\BaseConnection.php(729): CodeIgniter\Database\MySQLi\Connection->execute('SELECT `g`.`sco...')
#2 C:\xampp\htdocs\ITE311-EMBEN\system\Database\BaseConnection.php(646): CodeIgniter\Database\BaseConnection->simpleQuery('SELECT `g`.`sco...')
#3 C:\xampp\htdocs\ITE311-EMBEN\system\Database\BaseBuilder.php(1649): CodeIgniter\Database\BaseConnection->query('SELECT `g`.`sco...', Array, false)
#4 C:\xampp\htdocs\ITE311-EMBEN\app\Controllers\Auth.php(248): CodeIgniter\Database\BaseBuilder->get()
#5 C:\xampp\htdocs\ITE311-EMBEN\system\CodeIgniter.php(933): App\Controllers\Auth->dashboard()
#6 C:\xampp\htdocs\ITE311-EMBEN\system\CodeIgniter.php(507): CodeIgniter\CodeIgniter->runController(Object(App\Controllers\Auth))
#7 C:\xampp\htdocs\ITE311-EMBEN\system\CodeIgniter.php(354): CodeIgniter\CodeIgniter->handleRequest(NULL, Object(Config\Cache), false)
#8 C:\xampp\htdocs\ITE311-EMBEN\system\Boot.php(363): CodeIgniter\CodeIgniter->run()
#9 C:\xampp\htdocs\ITE311-EMBEN\system\Boot.php(68): CodeIgniter\Boot::runCodeIgniter(Object(CodeIgniter\CodeIgniter))
#10 C:\xampp\htdocs\ITE311-EMBEN\index.php(59): CodeIgniter\Boot::bootWeb(Object(Config\Paths))
#11 {main}
ERROR - 2025-10-13 10:06:56 --> mysqli_sql_exception: Table 'lms_emben.assignments' doesn't exist in C:\xampp\htdocs\ITE311-EMBEN\system\Database\MySQLi\Connection.php:327
Stack trace:
#0 C:\xampp\htdocs\ITE311-EMBEN\system\Database\MySQLi\Connection.php(327): mysqli->query('SELECT `a`.`id`...', 0)
#1 C:\xampp\htdocs\ITE311-EMBEN\system\Database\BaseConnection.php(729): CodeIgniter\Database\MySQLi\Connection->execute('SELECT `a`.`id`...')
#2 C:\xampp\htdocs\ITE311-EMBEN\system\Database\BaseConnection.php(646): CodeIgniter\Database\BaseConnection->simpleQuery('SELECT `a`.`id`...')
#3 C:\xampp\htdocs\ITE311-EMBEN\system\Database\BaseBuilder.php(1649): CodeIgniter\Database\BaseConnection->query('SELECT `a`.`id`...', Array, false)
#4 C:\xampp\htdocs\ITE311-EMBEN\app\Controllers\Auth.php(235): CodeIgniter\Database\BaseBuilder->get()
#5 C:\xampp\htdocs\ITE311-EMBEN\system\CodeIgniter.php(933): App\Controllers\Auth->dashboard()
#6 C:\xampp\htdocs\ITE311-EMBEN\system\CodeIgniter.php(507): CodeIgniter\CodeIgniter->runController(Object(App\Controllers\Auth))
#7 C:\xampp\htdocs\ITE311-EMBEN\system\CodeIgniter.php(354): CodeIgniter\CodeIgniter->handleRequest(NULL, Object(Config\Cache), false)
#8 C:\xampp\htdocs\ITE311-EMBEN\system\Boot.php(363): CodeIgniter\CodeIgniter->run()
#9 C:\xampp\htdocs\ITE311-EMBEN\system\Boot.php(68): CodeIgniter\Boot::runCodeIgniter(Object(CodeIgniter\CodeIgniter))
#10 C:\xampp\htdocs\ITE311-EMBEN\index.php(59): CodeIgniter\Boot::bootWeb(Object(Config\Paths))
#11 {main}
ERROR - 2025-10-13 10:06:56 --> mysqli_sql_exception: Table 'lms_emben.grades' doesn't exist in C:\xampp\htdocs\ITE311-EMBEN\system\Database\MySQLi\Connection.php:327
Stack trace:
#0 C:\xampp\htdocs\ITE311-EMBEN\system\Database\MySQLi\Connection.php(327): mysqli->query('SELECT `g`.`sco...', 0)
#1 C:\xampp\htdocs\ITE311-EMBEN\system\Database\BaseConnection.php(729): CodeIgniter\Database\MySQLi\Connection->execute('SELECT `g`.`sco...')
#2 C:\xampp\htdocs\ITE311-EMBEN\system\Database\BaseConnection.php(646): CodeIgniter\Database\BaseConnection->simpleQuery('SELECT `g`.`sco...')
#3 C:\xampp\htdocs\ITE311-EMBEN\system\Database\BaseBuilder.php(1649): CodeIgniter\Database\BaseConnection->query('SELECT `g`.`sco...', Array, false)
#4 C:\xampp\htdocs\ITE311-EMBEN\app\Controllers\Auth.php(248): CodeIgniter\Database\BaseBuilder->get()
#5 C:\xampp\htdocs\ITE311-EMBEN\system\CodeIgniter.php(933): App\Controllers\Auth->dashboard()
#6 C:\xampp\htdocs\ITE311-EMBEN\system\CodeIgniter.php(507): CodeIgniter\CodeIgniter->runController(Object(App\Controllers\Auth))
#7 C:\xampp\htdocs\ITE311-EMBEN\system\CodeIgniter.php(354): CodeIgniter\CodeIgniter->handleRequest(NULL, Object(Config\Cache), false)
#8 C:\xampp\htdocs\ITE311-EMBEN\system\Boot.php(363): CodeIgniter\CodeIgniter->run()
#9 C:\xampp\htdocs\ITE311-EMBEN\system\Boot.php(68): CodeIgniter\Boot::runCodeIgniter(Object(CodeIgniter\CodeIgniter))
#10 C:\xampp\htdocs\ITE311-EMBEN\index.php(59): CodeIgniter\Boot::bootWeb(Object(Config\Paths))
#11 {main}
ERROR - 2025-10-13 10:07:03 --> mysqli_sql_exception: Table 'lms_emben.assignments' doesn't exist in C:\xampp\htdocs\ITE311-EMBEN\system\Database\MySQLi\Connection.php:327
Stack trace:
#0 C:\xampp\htdocs\ITE311-EMBEN\system\Database\MySQLi\Connection.php(327): mysqli->query('SELECT `a`.`id`...', 0)
#1 C:\xampp\htdocs\ITE311-EMBEN\system\Database\BaseConnection.php(729): CodeIgniter\Database\MySQLi\Connection->execute('SELECT `a`.`id`...')
#2 C:\xampp\htdocs\ITE311-EMBEN\system\Database\BaseConnection.php(646): CodeIgniter\Database\BaseConnection->simpleQuery('SELECT `a`.`id`...')
#3 C:\xampp\htdocs\ITE311-EMBEN\system\Database\BaseBuilder.php(1649): CodeIgniter\Database\BaseConnection->query('SELECT `a`.`id`...', Array, false)
#4 C:\xampp\htdocs\ITE311-EMBEN\app\Controllers\Auth.php(235): CodeIgniter\Database\BaseBuilder->get()
#5 C:\xampp\htdocs\ITE311-EMBEN\system\CodeIgniter.php(933): App\Controllers\Auth->dashboard()
#6 C:\xampp\htdocs\ITE311-EMBEN\system\CodeIgniter.php(507): CodeIgniter\CodeIgniter->runController(Object(App\Controllers\Auth))
#7 C:\xampp\htdocs\ITE311-EMBEN\system\CodeIgniter.php(354): CodeIgniter\CodeIgniter->handleRequest(NULL, Object(Config\Cache), false)
#8 C:\xampp\htdocs\ITE311-EMBEN\system\Boot.php(363): CodeIgniter\CodeIgniter->run()
#9 C:\xampp\htdocs\ITE311-EMBEN\system\Boot.php(68): CodeIgniter\Boot::runCodeIgniter(Object(CodeIgniter\CodeIgniter))
#10 C:\xampp\htdocs\ITE311-EMBEN\index.php(59): CodeIgniter\Boot::bootWeb(Object(Config\Paths))
#11 {main}
ERROR - 2025-10-13 10:07:03 --> mysqli_sql_exception: Table 'lms_emben.grades' doesn't exist in C:\xampp\htdocs\ITE311-EMBEN\system\Database\MySQLi\Connection.php:327
Stack trace:
#0 C:\xampp\htdocs\ITE311-EMBEN\system\Database\MySQLi\Connection.php(327): mysqli->query('SELECT `g`.`sco...', 0)
#1 C:\xampp\htdocs\ITE311-EMBEN\system\Database\BaseConnection.php(729): CodeIgniter\Database\MySQLi\Connection->execute('SELECT `g`.`sco...')
#2 C:\xampp\htdocs\ITE311-EMBEN\system\Database\BaseConnection.php(646): CodeIgniter\Database\BaseConnection->simpleQuery('SELECT `g`.`sco...')
#3 C:\xampp\htdocs\ITE311-EMBEN\system\Database\BaseBuilder.php(1649): CodeIgniter\Database\BaseConnection->query('SELECT `g`.`sco...', Array, false)
#4 C:\xampp\htdocs\ITE311-EMBEN\app\Controllers\Auth.php(248): CodeIgniter\Database\BaseBuilder->get()
#5 C:\xampp\htdocs\ITE311-EMBEN\system\CodeIgniter.php(933): App\Controllers\Auth->dashboard()
#6 C:\xampp\htdocs\ITE311-EMBEN\system\CodeIgniter.php(507): CodeIgniter\CodeIgniter->runController(Object(App\Controllers\Auth))
#7 C:\xampp\htdocs\ITE311-EMBEN\system\CodeIgniter.php(354): CodeIgniter\CodeIgniter->handleRequest(NULL, Object(Config\Cache), false)
#8 C:\xampp\htdocs\ITE311-EMBEN\system\Boot.php(363): CodeIgniter\CodeIgniter->run()
#9 C:\xampp\htdocs\ITE311-EMBEN\system\Boot.php(68): CodeIgniter\Boot::runCodeIgniter(Object(CodeIgniter\CodeIgniter))
#10 C:\xampp\htdocs\ITE311-EMBEN\index.php(59): CodeIgniter\Boot::bootWeb(Object(Config\Paths))
#11 {main}
ERROR - 2025-10-13 10:07:17 --> mysqli_sql_exception: Table 'lms_emben.assignments' doesn't exist in C:\xampp\htdocs\ITE311-EMBEN\system\Database\MySQLi\Connection.php:327
Stack trace:
#0 C:\xampp\htdocs\ITE311-EMBEN\system\Database\MySQLi\Connection.php(327): mysqli->query('SELECT `a`.`id`...', 0)
#1 C:\xampp\htdocs\ITE311-EMBEN\system\Database\BaseConnection.php(729): CodeIgniter\Database\MySQLi\Connection->execute('SELECT `a`.`id`...')
#2 C:\xampp\htdocs\ITE311-EMBEN\system\Database\BaseConnection.php(646): CodeIgniter\Database\BaseConnection->simpleQuery('SELECT `a`.`id`...')
#3 C:\xampp\htdocs\ITE311-EMBEN\system\Database\BaseBuilder.php(1649): CodeIgniter\Database\BaseConnection->query('SELECT `a`.`id`...', Array, false)
#4 C:\xampp\htdocs\ITE311-EMBEN\app\Controllers\Auth.php(235): CodeIgniter\Database\BaseBuilder->get()
#5 C:\xampp\htdocs\ITE311-EMBEN\system\CodeIgniter.php(933): App\Controllers\Auth->dashboard()
#6 C:\xampp\htdocs\ITE311-EMBEN\system\CodeIgniter.php(507): CodeIgniter\CodeIgniter->runController(Object(App\Controllers\Auth))
#7 C:\xampp\htdocs\ITE311-EMBEN\system\CodeIgniter.php(354): CodeIgniter\CodeIgniter->handleRequest(NULL, Object(Config\Cache), false)
#8 C:\xampp\htdocs\ITE311-EMBEN\system\Boot.php(363): CodeIgniter\CodeIgniter->run()
#9 C:\xampp\htdocs\ITE311-EMBEN\system\Boot.php(68): CodeIgniter\Boot::runCodeIgniter(Object(CodeIgniter\CodeIgniter))
#10 C:\xampp\htdocs\ITE311-EMBEN\index.php(59): CodeIgniter\Boot::bootWeb(Object(Config\Paths))
#11 {main}
ERROR - 2025-10-13 10:07:17 --> mysqli_sql_exception: Table 'lms_emben.grades' doesn't exist in C:\xampp\htdocs\ITE311-EMBEN\system\Database\MySQLi\Connection.php:327
Stack trace:
#0 C:\xampp\htdocs\ITE311-EMBEN\system\Database\MySQLi\Connection.php(327): mysqli->query('SELECT `g`.`sco...', 0)
#1 C:\xampp\htdocs\ITE311-EMBEN\system\Database\BaseConnection.php(729): CodeIgniter\Database\MySQLi\Connection->execute('SELECT `g`.`sco...')
#2 C:\xampp\htdocs\ITE311-EMBEN\system\Database\BaseConnection.php(646): CodeIgniter\Database\BaseConnection->simpleQuery('SELECT `g`.`sco...')
#3 C:\xampp\htdocs\ITE311-EMBEN\system\Database\BaseBuilder.php(1649): CodeIgniter\Database\BaseConnection->query('SELECT `g`.`sco...', Array, false)
#4 C:\xampp\htdocs\ITE311-EMBEN\app\Controllers\Auth.php(248): CodeIgniter\Database\BaseBuilder->get()
#5 C:\xampp\htdocs\ITE311-EMBEN\system\CodeIgniter.php(933): App\Controllers\Auth->dashboard()
#6 C:\xampp\htdocs\ITE311-EMBEN\system\CodeIgniter.php(507): CodeIgniter\CodeIgniter->runController(Object(App\Controllers\Auth))
#7 C:\xampp\htdocs\ITE311-EMBEN\system\CodeIgniter.php(354): CodeIgniter\CodeIgniter->handleRequest(NULL, Object(Config\Cache), false)
#8 C:\xampp\htdocs\ITE311-EMBEN\system\Boot.php(363): CodeIgniter\CodeIgniter->run()
#9 C:\xampp\htdocs\ITE311-EMBEN\system\Boot.php(68): CodeIgniter\Boot::runCodeIgniter(Object(CodeIgniter\CodeIgniter))
#10 C:\xampp\htdocs\ITE311-EMBEN\index.php(59): CodeIgniter\Boot::bootWeb(Object(Config\Paths))
#11 {main}
ERROR - 2025-10-13 10:07:27 --> mysqli_sql_exception: Table 'lms_emben.assignments' doesn't exist in C:\xampp\htdocs\ITE311-EMBEN\system\Database\MySQLi\Connection.php:327
Stack trace:
#0 C:\xampp\htdocs\ITE311-EMBEN\system\Database\MySQLi\Connection.php(327): mysqli->query('SELECT `a`.`id`...', 0)
#1 C:\xampp\htdocs\ITE311-EMBEN\system\Database\BaseConnection.php(729): CodeIgniter\Database\MySQLi\Connection->execute('SELECT `a`.`id`...')
#2 C:\xampp\htdocs\ITE311-EMBEN\system\Database\BaseConnection.php(646): CodeIgniter\Database\BaseConnection->simpleQuery('SELECT `a`.`id`...')
#3 C:\xampp\htdocs\ITE311-EMBEN\system\Database\BaseBuilder.php(1649): CodeIgniter\Database\BaseConnection->query('SELECT `a`.`id`...', Array, false)
#4 C:\xampp\htdocs\ITE311-EMBEN\app\Controllers\Auth.php(235): CodeIgniter\Database\BaseBuilder->get()
#5 C:\xampp\htdocs\ITE311-EMBEN\system\CodeIgniter.php(933): App\Controllers\Auth->dashboard()
#6 C:\xampp\htdocs\ITE311-EMBEN\system\CodeIgniter.php(507): CodeIgniter\CodeIgniter->runController(Object(App\Controllers\Auth))
#7 C:\xampp\htdocs\ITE311-EMBEN\system\CodeIgniter.php(354): CodeIgniter\CodeIgniter->handleRequest(NULL, Object(Config\Cache), false)
#8 C:\xampp\htdocs\ITE311-EMBEN\system\Boot.php(363): CodeIgniter\CodeIgniter->run()
#9 C:\xampp\htdocs\ITE311-EMBEN\system\Boot.php(68): CodeIgniter\Boot::runCodeIgniter(Object(CodeIgniter\CodeIgniter))
#10 C:\xampp\htdocs\ITE311-EMBEN\index.php(59): CodeIgniter\Boot::bootWeb(Object(Config\Paths))
#11 {main}
ERROR - 2025-10-13 10:07:27 --> mysqli_sql_exception: Table 'lms_emben.grades' doesn't exist in C:\xampp\htdocs\ITE311-EMBEN\system\Database\MySQLi\Connection.php:327
Stack trace:
#0 C:\xampp\htdocs\ITE311-EMBEN\system\Database\MySQLi\Connection.php(327): mysqli->query('SELECT `g`.`sco...', 0)
#1 C:\xampp\htdocs\ITE311-EMBEN\system\Database\BaseConnection.php(729): CodeIgniter\Database\MySQLi\Connection->execute('SELECT `g`.`sco...')
#2 C:\xampp\htdocs\ITE311-EMBEN\system\Database\BaseConnection.php(646): CodeIgniter\Database\BaseConnection->simpleQuery('SELECT `g`.`sco...')
#3 C:\xampp\htdocs\ITE311-EMBEN\system\Database\BaseBuilder.php(1649): CodeIgniter\Database\BaseConnection->query('SELECT `g`.`sco...', Array, false)
#4 C:\xampp\htdocs\ITE311-EMBEN\app\Controllers\Auth.php(248): CodeIgniter\Database\BaseBuilder->get()
#5 C:\xampp\htdocs\ITE311-EMBEN\system\CodeIgniter.php(933): App\Controllers\Auth->dashboard()
#6 C:\xampp\htdocs\ITE311-EMBEN\system\CodeIgniter.php(507): CodeIgniter\CodeIgniter->runController(Object(App\Controllers\Auth))
#7 C:\xampp\htdocs\ITE311-EMBEN\system\CodeIgniter.php(354): CodeIgniter\CodeIgniter->handleRequest(NULL, Object(Config\Cache), false)
#8 C:\xampp\htdocs\ITE311-EMBEN\system\Boot.php(363): CodeIgniter\CodeIgniter->run()
#9 C:\xampp\htdocs\ITE311-EMBEN\system\Boot.php(68): CodeIgniter\Boot::runCodeIgniter(Object(CodeIgniter\CodeIgniter))
#10 C:\xampp\htdocs\ITE311-EMBEN\index.php(59): CodeIgniter\Boot::bootWeb(Object(Config\Paths))
#11 {main}
ERROR - 2025-10-13 10:07:38 --> mysqli_sql_exception: Table 'lms_emben.assignments' doesn't exist in C:\xampp\htdocs\ITE311-EMBEN\system\Database\MySQLi\Connection.php:327
Stack trace:
#0 C:\xampp\htdocs\ITE311-EMBEN\system\Database\MySQLi\Connection.php(327): mysqli->query('SELECT `a`.`id`...', 0)
#1 C:\xampp\htdocs\ITE311-EMBEN\system\Database\BaseConnection.php(729): CodeIgniter\Database\MySQLi\Connection->execute('SELECT `a`.`id`...')
#2 C:\xampp\htdocs\ITE311-EMBEN\system\Database\BaseConnection.php(646): CodeIgniter\Database\BaseConnection->simpleQuery('SELECT `a`.`id`...')
#3 C:\xampp\htdocs\ITE311-EMBEN\system\Database\BaseBuilder.php(1649): CodeIgniter\Database\BaseConnection->query('SELECT `a`.`id`...', Array, false)
#4 C:\xampp\htdocs\ITE311-EMBEN\app\Controllers\Auth.php(235): CodeIgniter\Database\BaseBuilder->get()
#5 C:\xampp\htdocs\ITE311-EMBEN\system\CodeIgniter.php(933): App\Controllers\Auth->dashboard()
#6 C:\xampp\htdocs\ITE311-EMBEN\system\CodeIgniter.php(507): CodeIgniter\CodeIgniter->runController(Object(App\Controllers\Auth))
#7 C:\xampp\htdocs\ITE311-EMBEN\system\CodeIgniter.php(354): CodeIgniter\CodeIgniter->handleRequest(NULL, Object(Config\Cache), false)
#8 C:\xampp\htdocs\ITE311-EMBEN\system\Boot.php(363): CodeIgniter\CodeIgniter->run()
#9 C:\xampp\htdocs\ITE311-EMBEN\system\Boot.php(68): CodeIgniter\Boot::runCodeIgniter(Object(CodeIgniter\CodeIgniter))
#10 C:\xampp\htdocs\ITE311-EMBEN\index.php(59): CodeIgniter\Boot::bootWeb(Object(Config\Paths))
#11 {main}
ERROR - 2025-10-13 10:07:38 --> mysqli_sql_exception: Table 'lms_emben.grades' doesn't exist in C:\xampp\htdocs\ITE311-EMBEN\system\Database\MySQLi\Connection.php:327
Stack trace:
#0 C:\xampp\htdocs\ITE311-EMBEN\system\Database\MySQLi\Connection.php(327): mysqli->query('SELECT `g`.`sco...', 0)
#1 C:\xampp\htdocs\ITE311-EMBEN\system\Database\BaseConnection.php(729): CodeIgniter\Database\MySQLi\Connection->execute('SELECT `g`.`sco...')
#2 C:\xampp\htdocs\ITE311-EMBEN\system\Database\BaseConnection.php(646): CodeIgniter\Database\BaseConnection->simpleQuery('SELECT `g`.`sco...')
#3 C:\xampp\htdocs\ITE311-EMBEN\system\Database\BaseBuilder.php(1649): CodeIgniter\Database\BaseConnection->query('SELECT `g`.`sco...', Array, false)
#4 C:\xampp\htdocs\ITE311-EMBEN\app\Controllers\Auth.php(248): CodeIgniter\Database\BaseBuilder->get()
#5 C:\xampp\htdocs\ITE311-EMBEN\system\CodeIgniter.php(933): App\Controllers\Auth->dashboard()
#6 C:\xampp\htdocs\ITE311-EMBEN\system\CodeIgniter.php(507): CodeIgniter\CodeIgniter->runController(Object(App\Controllers\Auth))
#7 C:\xampp\htdocs\ITE311-EMBEN\system\CodeIgniter.php(354): CodeIgniter\CodeIgniter->handleRequest(NULL, Object(Config\Cache), false)
#8 C:\xampp\htdocs\ITE311-EMBEN\system\Boot.php(363): CodeIgniter\CodeIgniter->run()
#9 C:\xampp\htdocs\ITE311-EMBEN\system\Boot.php(68): CodeIgniter\Boot::runCodeIgniter(Object(CodeIgniter\CodeIgniter))
#10 C:\xampp\htdocs\ITE311-EMBEN\index.php(59): CodeIgniter\Boot::bootWeb(Object(Config\Paths))
#11 {main}
